0 info it worked if it ends with ok
1 verbose cli [ 'node',
1 verbose cli   '/usr/local/bin/npm',
1 verbose cli   'install',
1 verbose cli   '-g',
1 verbose cli   'generator-express' ]
2 info using npm@1.4.9
3 info using node@v0.10.28
4 verbose cache add [ 'generator-express', null ]
5 verbose cache add name=undefined spec="generator-express" args=["generator-express",null]
6 verbose parsed url { protocol: null,
6 verbose parsed url   slashes: null,
6 verbose parsed url   auth: null,
6 verbose parsed url   host: null,
6 verbose parsed url   port: null,
6 verbose parsed url   hostname: null,
6 verbose parsed url   hash: null,
6 verbose parsed url   search: null,
6 verbose parsed url   query: null,
6 verbose parsed url   pathname: 'generator-express',
6 verbose parsed url   path: 'generator-express',
6 verbose parsed url   href: 'generator-express' }
7 silly lockFile e43dff90-generator-express generator-express
8 verbose lock generator-express /Volumes/disk2/Users/scott/.npm/e43dff90-generator-express.lock
9 silly lockFile e43dff90-generator-express generator-express
10 silly lockFile e43dff90-generator-express generator-express
11 verbose addNamed [ 'generator-express', '' ]
12 verbose addNamed [ null, '*' ]
13 silly lockFile fbc6e229-generator-express generator-express@
14 verbose lock generator-express@ /Volumes/disk2/Users/scott/.npm/fbc6e229-generator-express.lock
15 silly addNameRange { name: 'generator-express', range: '*', hasData: false }
16 verbose url raw generator-express
17 verbose url resolving [ 'https://registry.npmjs.org/', './generator-express' ]
18 verbose url resolved https://registry.npmjs.org/generator-express
19 info trying registry request attempt 1 at 21:36:03
20 http GET https://registry.npmjs.org/generator-express
21 http 200 https://registry.npmjs.org/generator-express
22 silly registry.get cb [ 200,
22 silly registry.get   { date: 'Thu, 22 May 2014 01:36:04 GMT',
22 silly registry.get     server: 'CouchDB/1.5.0 (Erlang OTP/R14B04)',
22 silly registry.get     etag: '"DGYLQLTGTD6EUAHVHX0Y7FD40"',
22 silly registry.get     'content-type': 'application/json',
22 silly registry.get     'cache-control': 'max-age=1',
22 silly registry.get     'content-length': '43054',
22 silly registry.get     'accept-ranges': 'bytes',
22 silly registry.get     via: '1.1 varnish',
22 silly registry.get     age: '343',
22 silly registry.get     'x-served-by': 'cache-v36-ASH',
22 silly registry.get     'x-cache': 'HIT',
22 silly registry.get     'x-cache-hits': '1',
22 silly registry.get     'x-timer': 'S1400722564.051763058,VS0,VE7',
22 silly registry.get     vary: 'Accept',
22 silly registry.get     'keep-alive': 'timeout=10, max=50',
22 silly registry.get     connection: 'Keep-Alive' } ]
23 silly addNameRange number 2 { name: 'generator-express', range: '*', hasData: true }
24 silly addNameRange versions [ 'generator-express',
24 silly addNameRange   [ '0.1.0',
24 silly addNameRange     '0.1.1',
24 silly addNameRange     '0.1.2',
24 silly addNameRange     '0.2.0',
24 silly addNameRange     '0.2.1',
24 silly addNameRange     '0.3.0',
24 silly addNameRange     '0.3.1',
24 silly addNameRange     '1.0.0',
24 silly addNameRange     '1.0.1',
24 silly addNameRange     '1.0.4',
24 silly addNameRange     '1.0.5',
24 silly addNameRange     '1.0.6',
24 silly addNameRange     '1.0.7',
24 silly addNameRange     '1.0.8' ] ]
25 verbose addNamed [ 'generator-express', '1.0.8' ]
26 verbose addNamed [ '1.0.8', '1.0.8' ]
27 silly lockFile 3e189e14-generator-express-1-0-8 generator-express@1.0.8
28 verbose lock generator-express@1.0.8 /Volumes/disk2/Users/scott/.npm/3e189e14-generator-express-1-0-8.lock
29 silly lockFile fe8d6e6a-ress-generator-express-1-0-8-tgz https://registry.npmjs.org/generator-express/-/generator-express-1.0.8.tgz
30 verbose lock https://registry.npmjs.org/generator-express/-/generator-express-1.0.8.tgz /Volumes/disk2/Users/scott/.npm/fe8d6e6a-ress-generator-express-1-0-8-tgz.lock
31 verbose addRemoteTarball [ 'https://registry.npmjs.org/generator-express/-/generator-express-1.0.8.tgz',
31 verbose addRemoteTarball   '2b2c129fd2f594b55c607c08df492908c3481e72' ]
32 info retry fetch attempt 1 at 21:36:04
33 verbose fetch to= /var/folders/lz/j2y1t_5n4r3gj9c356nvc3540000gn/T/npm-45770-vUIS_hW_/1400722564282-0.029785063350573182/tmp.tgz
34 http GET https://registry.npmjs.org/generator-express/-/generator-express-1.0.8.tgz
35 http 200 https://registry.npmjs.org/generator-express/-/generator-express-1.0.8.tgz
36 verbose tar unpack /var/folders/lz/j2y1t_5n4r3gj9c356nvc3540000gn/T/npm-45770-vUIS_hW_/1400722564282-0.029785063350573182/tmp.tgz
37 silly lockFile 5161fc38--generator-express-1-0-8-package tar:///Volumes/disk2/Users/scott/.npm/generator-express/1.0.8/package
38 verbose lock tar:///Volumes/disk2/Users/scott/.npm/generator-express/1.0.8/package /Volumes/disk2/Users/scott/.npm/5161fc38--generator-express-1-0-8-package.lock
39 silly lockFile e939465a-282-0-029785063350573182-tmp-tgz tar:///var/folders/lz/j2y1t_5n4r3gj9c356nvc3540000gn/T/npm-45770-vUIS_hW_/1400722564282-0.029785063350573182/tmp.tgz
40 verbose lock tar:///var/folders/lz/j2y1t_5n4r3gj9c356nvc3540000gn/T/npm-45770-vUIS_hW_/1400722564282-0.029785063350573182/tmp.tgz /Volumes/disk2/Users/scott/.npm/e939465a-282-0-029785063350573182-tmp-tgz.lock
41 silly gunzTarPerm modes [ '755', '644' ]
42 silly gunzTarPerm extractEntry package.json
43 silly gunzTarPerm extractEntry .npmignore
44 silly gunzTarPerm extractEntry README.md
45 silly gunzTarPerm extractEntry LICENSE
46 silly gunzTarPerm extractEntry .editorconfig
47 silly gunzTarPerm extractEntry .gitattributes
48 silly gunzTarPerm extractEntry .jshintrc
49 silly gunzTarPerm extractEntry .travis.yml
50 silly gunzTarPerm extractEntry app/index.js
51 silly gunzTarPerm extractEntry app/templates/basic/package.json
52 silly gunzTarPerm extractEntry app/templates/basic/Gruntfile.js
53 silly gunzTarPerm extractEntry app/templates/basic/app.js
54 silly gunzTarPerm extractEntry app/templates/basic/public/css/style.css
55 silly gunzTarPerm extractEntry app/templates/basic/routes/index.js
56 silly gunzTarPerm extractEntry app/templates/basic/routes/user.js
57 silly gunzTarPerm extractEntry app/templates/basic/views/index.jade
58 silly gunzTarPerm extractEntry app/templates/basic/views/layout.jade
59 silly gunzTarPerm extractEntry app/templates/common/.npmignore
60 silly gunzTarPerm extractEntry app/templates/common/.bowerrc
61 silly gunzTarPerm extractEntry app/templates/common/bower.json
62 silly gunzTarPerm extractEntry app/templates/mvc/package.json
63 silly gunzTarPerm extractEntry app/templates/mvc/Gruntfile.js
64 silly gunzTarPerm extractEntry app/templates/mvc/app.js
65 silly gunzTarPerm extractEntry app/templates/mvc/app/controllers/home.js
66 silly gunzTarPerm extractEntry app/templates/mvc/app/models/article.js
67 silly gunzTarPerm extractEntry app/templates/mvc/app/views/404.jade
68 silly gunzTarPerm extractEntry app/templates/mvc/app/views/home/index.jade
69 silly gunzTarPerm extractEntry app/templates/mvc/app/views/layout.jade
70 silly gunzTarPerm extractEntry app/templates/mvc/config/config.js
71 silly gunzTarPerm extractEntry app/templates/mvc/config/express.js
72 silly gunzTarPerm extractEntry app/templates/mvc/config/routes.js
73 silly gunzTarPerm extractEntry test/test-creation.js
74 silly gunzTarPerm extractEntry test/test-load.js
75 silly gunzTarPerm extractEntry test/temp/package.json
76 silly gunzTarPerm extractEntry test/temp/.npmignore
77 silly gunzTarPerm extractEntry test/temp/Gruntfile.js
78 silly gunzTarPerm extractEntry test/temp/app.js
79 silly gunzTarPerm extractEntry test/temp/.bowerrc
80 silly gunzTarPerm extractEntry test/temp/app/controllers/home.js
81 silly gunzTarPerm extractEntry test/temp/app/models/article.js
82 silly gunzTarPerm extractEntry test/temp/app/views/404.jade
83 silly gunzTarPerm extractEntry test/temp/app/views/home/index.jade
84 silly gunzTarPerm extractEntry test/temp/app/views/layout.jade
85 silly gunzTarPerm extractEntry test/temp/bower.json
86 silly gunzTarPerm extractEntry test/temp/config/config.js
87 silly gunzTarPerm extractEntry test/temp/config/express.js
88 silly gunzTarPerm extractEntry test/temp/config/routes.js
89 silly lockFile 5161fc38--generator-express-1-0-8-package tar:///Volumes/disk2/Users/scott/.npm/generator-express/1.0.8/package
90 silly lockFile 5161fc38--generator-express-1-0-8-package tar:///Volumes/disk2/Users/scott/.npm/generator-express/1.0.8/package
91 silly lockFile e939465a-282-0-029785063350573182-tmp-tgz tar:///var/folders/lz/j2y1t_5n4r3gj9c356nvc3540000gn/T/npm-45770-vUIS_hW_/1400722564282-0.029785063350573182/tmp.tgz
92 silly lockFile e939465a-282-0-029785063350573182-tmp-tgz tar:///var/folders/lz/j2y1t_5n4r3gj9c356nvc3540000gn/T/npm-45770-vUIS_hW_/1400722564282-0.029785063350573182/tmp.tgz
93 silly lockFile fe8d6e6a-ress-generator-express-1-0-8-tgz https://registry.npmjs.org/generator-express/-/generator-express-1.0.8.tgz
94 silly lockFile fe8d6e6a-ress-generator-express-1-0-8-tgz https://registry.npmjs.org/generator-express/-/generator-express-1.0.8.tgz
95 silly lockFile 3e189e14-generator-express-1-0-8 generator-express@1.0.8
96 silly lockFile 3e189e14-generator-express-1-0-8 generator-express@1.0.8
97 silly lockFile fbc6e229-generator-express generator-express@
98 silly lockFile fbc6e229-generator-express generator-express@
99 silly resolved [ { name: 'generator-express',
99 silly resolved     version: '1.0.8',
99 silly resolved     description: 'A nodejs express generator for Yeoman',
99 silly resolved     keywords: [ 'yeoman-generator', 'express', 'scaffold' ],
99 silly resolved     homepage: 'https://github.com/petecoop/generator-express',
99 silly resolved     bugs: { url: 'https://github.com/petecoop/generator-express/issues' },
99 silly resolved     author:
99 silly resolved      { name: 'petecoop',
99 silly resolved        email: 'pete@petecoop.co.uk',
99 silly resolved        url: 'http://petecoop.co.uk' },
99 silly resolved     contributors: [ [Object] ],
99 silly resolved     main: 'app/index.js',
99 silly resolved     repository:
99 silly resolved      { type: 'git',
99 silly resolved        url: 'https://github.com/petecoop/generator-express.git' },
99 silly resolved     scripts: { test: 'mocha' },
99 silly resolved     dependencies: { 'yeoman-generator': '~0.13.3' },
99 silly resolved     devDependencies: { mocha: '~1.12.0' },
99 silly resolved     engines: { node: '>=0.8.0' },
99 silly resolved     licenses: [ [Object] ],
99 silly resolved     readme: '# Generator express\n[![Build Status](https://secure.travis-ci.org/petecoop/generator-express.png?branch=master)](https://travis-ci.org/petecoop/generator-express)\n\nAn Expressjs generator for Yeoman, based on the express command line tool.\n\n## Getting started\n- Make sure you have [yo](https://github.com/yeoman/yo) installed:\n    `npm install -g yo`\n- Install the generator **locally**: `npm install generator-express`\n- Run: `yo express`\n- Run: `grunt` to run the local server at `localhost:3000`, the grunt tasks include live reloading for .jade views, css in public/stylesheets and restarting the server for changes to app.js or js in routes/\n\n## MVC apps\nI\'ve created a new generator for creating MVC style apps in express, it\'s based around [nodejs-express-mongoose-demo](https://github.com/madhums/nodejs-express-mongoose-demo). It uses [MongoDB](http://www.mongodb.org/) as it\'s default database, you will need to have it installed and running to get the default app running.\n\nTo get going:\n\n- Make sure you have [yo](https://github.com/yeoman/yo) installed:\n    `npm install -g yo`\n- Install the generator **locally**: `npm install generator-express`\n- Ensure that MongoDB is running on your machine, if running elsewhere the connection string can be changed in `config/config.js`\n- Run: `yo express --mvc`\n- Run: `grunt` to run the local server - defaults to `localhost:3000` - port can be changed in `config/config.js`. The grunt tasks include live reloading as before.\n\n##Options\n\n- `--skip-install`\n\n  Skips the automatic execution of `bower` and `npm` after\n  scaffolding has finished.\n\n- `--mvc`\n\n  Installs MVC style scaffolding.\n\n##Testing\nTests are written with mocha.\n- Install: `npm install -g mocha`\n- Run: `mocha`\n\n##Contributing\nContributors are welcome, please fork and send pull requests! If you have any ideas on how to make this project better then please submit an issue.\n\n## License\n[MIT License](http://en.wikipedia.org/wiki/MIT_License)\n',
99 silly resolved     readmeFilename: 'README.md',
99 silly resolved     _id: 'generator-express@1.0.8',
99 silly resolved     _shasum: '2b2c129fd2f594b55c607c08df492908c3481e72',
99 silly resolved     _from: 'generator-express@',
99 silly resolved     _resolved: 'https://registry.npmjs.org/generator-express/-/generator-express-1.0.8.tgz' } ]
100 info install generator-express@1.0.8 into /usr/local/lib
101 info installOne generator-express@1.0.8
102 info /usr/local/lib/node_modules/generator-express unbuild
103 verbose tar unpack /Volumes/disk2/Users/scott/.npm/generator-express/1.0.8/package.tgz
104 silly lockFile c243ad14-b-node-modules-generator-express tar:///usr/local/lib/node_modules/generator-express
105 verbose lock tar:///usr/local/lib/node_modules/generator-express /Volumes/disk2/Users/scott/.npm/c243ad14-b-node-modules-generator-express.lock
106 silly lockFile 61c2f198-erator-express-1-0-8-package-tgz tar:///Volumes/disk2/Users/scott/.npm/generator-express/1.0.8/package.tgz
107 verbose lock tar:///Volumes/disk2/Users/scott/.npm/generator-express/1.0.8/package.tgz /Volumes/disk2/Users/scott/.npm/61c2f198-erator-express-1-0-8-package-tgz.lock
108 silly gunzTarPerm modes [ '755', '644' ]
109 error Error: EACCES, mkdir '/usr/local/lib/node_modules/generator-express'
109 error  { [Error: EACCES, mkdir '/usr/local/lib/node_modules/generator-express']
109 error   errno: 3,
109 error   code: 'EACCES',
109 error   path: '/usr/local/lib/node_modules/generator-express',
109 error   fstream_type: 'Directory',
109 error   fstream_path: '/usr/local/lib/node_modules/generator-express',
109 error   fstream_class: 'DirWriter',
109 error   fstream_stack:
109 error    [ '/usr/local/lib/node_modules/npm/node_modules/fstream/lib/dir-writer.js:36:23',
109 error      '/usr/local/lib/node_modules/npm/node_modules/mkdirp/index.js:37:53',
109 error      'Object.oncomplete (fs.js:107:15)' ] }
110 error Please try running this command again as root/Administrator.
111 error System Darwin 13.1.0
112 error command "node" "/usr/local/bin/npm" "install" "-g" "generator-express"
113 error cwd /Volumes/disk2/Users/scott/Projects/MessageFish/src
114 error node -v v0.10.28
115 error npm -v 1.4.9
116 error path /usr/local/lib/node_modules/generator-express
117 error fstream_path /usr/local/lib/node_modules/generator-express
118 error fstream_type Directory
119 error fstream_class DirWriter
120 error code EACCES
121 error errno 3
122 error stack Error: EACCES, mkdir '/usr/local/lib/node_modules/generator-express'
123 error fstream_stack /usr/local/lib/node_modules/npm/node_modules/fstream/lib/dir-writer.js:36:23
123 error fstream_stack /usr/local/lib/node_modules/npm/node_modules/mkdirp/index.js:37:53
123 error fstream_stack Object.oncomplete (fs.js:107:15)
124 verbose exit [ 3, true ]
